<?xml version="1.0" encoding="UTF-8"?><testrun duration="118668" footerText="Generated by IntelliJ IDEA on 1/11/19 8:55 AM" name="GospelLibrary">
    <count name="total" value="14"/>
    <count name="error" value="2"/>
    <count name="failed" value="1"/>
    <count name="skipped" value="11"/>
    <config nameIsGenerated="true" configId="JUnit" name="GospelLibrary">
        <module name="Gospel-Library-Appium-Tests"/>
        <extension name="coverage">
            <pattern>
                <option name="PATTERN" value="UI.*"/>
                <option name="ENABLED" value="true"/>
            </pattern>
        </extension>
        <option name="ALTERNATIVE_JRE_PATH_ENABLED" value="false"/>
        <option name="ALTERNATIVE_JRE_PATH"/>
        <option name="PACKAGE_NAME" value=""/>
        <option name="MAIN_CLASS_NAME" value="UI.GospelLibrary"/>
        <option name="METHOD_NAME"/>
        <option name="TEST_OBJECT" value="class"/>
        <option name="VM_PARAMETERS" value="-ea"/>
        <option name="PARAMETERS"/>
        <option name="WORKING_DIRECTORY" value="$MODULE_DIR$"/>
        <option name="PASS_PARENT_ENVS" value="true"/>
        <option name="TEST_SEARCH_SCOPE">
            <value defaultName="singleModule"/>
        </option>
        <patterns/>
    </config>
    <root name="Tests" location="java:suite://Tests">
        <output type="stdout">/Library/Java/JavaVirtualMachines/jdk-10.0.1.jdk/Contents/Home/bin/java -ea -Didea.test.cyclic.buffer.size=1048576 &amp;quot;-javaagent:/Applications/IntelliJ IDEA CE.app/Contents/lib/idea_rt.jar=61684:/Applications/IntelliJ IDEA CE.app/Contents/bin&amp;quot; -Dfile.encoding=UTF-8 -classpath &amp;quot;/Applications/IntelliJ IDEA CE.app/Contents/lib/idea_rt.jar:/Applications/IntelliJ IDEA CE.app/Contents/plugins/junit/lib/junit-rt.jar:/Applications/IntelliJ IDEA CE.app/Contents/plugins/junit/lib/junit5-rt.jar:/Users/dexterjohn/Documents/GitHub/GospelLibraryAppiumTestsAndroid/projects/Gospel-Library-Appium-Tests/lib/junit-jupiter-api-5.0.0.jar:/Users/dexterjohn/Documents/GitHub/GospelLibraryAppiumTestsAndroid/projects/Gospel-Library-Appium-Tests/lib/opentest4j-1.0.0.jar:/Users/dexterjohn/Documents/GitHub/GospelLibraryAppiumTestsAndroid/out/production/Gospel-Library-Appium-Tests:/Users/dexterjohn/Documents/GitHub/GospelLibraryAppiumTestsAndroid/ExternalJars/java-client-3.2.0.jar:/Users/dexterjohn/Documents/GitHub/GospelLibraryAppiumTestsAndroid/ExternalJars/commons-lang3-3.7.jar:/Users/dexterjohn/Documents/GitHub/GospelLibraryAppiumTestsAndroid/ExternalJars/javax.jar:/Users/dexterjohn/Documents/GitHub/GospelLibraryAppiumTestsAndroid/ExternalJars/javax.mail.jar:/Users/dexterjohn/Documents/GitHub/GospelLibraryAppiumTestsAndroid/ExternalJars/jsoup-1.8.3.jar:/Users/dexterjohn/Documents/GitHub/GospelLibraryAppiumTestsAndroid/ExternalJars/selendroid-client-0.10.0.jar:/Users/dexterjohn/Documents/GitHub/GospelLibraryAppiumTestsAndroid/ExternalJars/selendroid-standalone-0.12.0-with-dependencies.jar:/Users/dexterjohn/Documents/GitHub/GospelLibraryAppiumTestsAndroid/ExternalJars/java-client-6.0.0-BETA5.jar:/Users/dexterjohn/Documents/GitHub/GospelLibraryAppiumTestsAndroid/ExternalJars/selenium-java-3.12.0/client-combined-3.12.0.jar:/Users/dexterjohn/Documents/GitHub/GospelLibraryAppiumTestsAndroid/ExternalJars/selenium-java-3.12.0/client-combined-3.12.0-sources.jar:/Users/dexterjohn/Documents/GitHub/GospelLibraryAppiumTestsAndroid/ExternalJars/jar_files/selendroid-standalone-0.17.0.jar:/Users/dexterjohn/Documents/GitHub/GospelLibraryAppiumTestsAndroid/ExternalJars/junit-4.12.jar:/Users/dexterjohn/Documents/GitHub/GospelLibraryAppiumTestsAndroid/ExternalJars/hamcrest-core-1.3.jar&amp;quot; com.intellij.rt.execution.junit.JUnitStarter -ideVersion5 -junit4 @w@/private/var/folders/tp/t0jv0htx55x1_gsjml936bgm0000gp/T/idea_working_dirs_junit.tmp @/private/var/folders/tp/t0jv0htx55x1_gsjml936bgm0000gp/T/idea_junit.tmp
</output>
    </root>
    <suite duration="118668" locationUrl="java:suite://UI.GospelLibrary" name="GospelLibrary" status="skipped">
        <test duration="42778" locationUrl="java:test://UI.GospelLibrary.settingsScreenDownloadedMediaGeneralConferenceDownloaded_CancelAllWithOneDownload" name="GospelLibrary.settingsScreenDownloadedMediaGeneralConferenceDownloaded_CancelAllWithOneDownload" status="error">
            <output type="stdout">Splash Screen Wait Start…
Waited for 800 milliseconds
On Splash Screen… Waiting 800 milliseconds
On Splash Screen… Waiting 800 milliseconds
On Splash Screen… Waiting 800 milliseconds
On Splash Screen… Waiting 800 milliseconds
Continuing Test…
Skipping Tips
</output>
            <output type="stderr">org.openqa.selenium.NoSuchElementException: An element could not be located on the page using the given search parameters. (WARNING: The server did not provide any stacktrace information)
Command duration or timeout: 34 milliseconds
For documentation on this error, please visit: http://seleniumhq.org/exceptions/no_such_element.html
Build info: version: &amp;#39;unknown&amp;#39;, revision: &amp;#39;unknown&amp;#39;, time: &amp;#39;unknown&amp;#39;
System info: host: &amp;#39;Dexters-MacBook-Pro.local&amp;#39;, ip: &amp;#39;10.109.135.39&amp;#39;, os.name: &amp;#39;Mac OS X&amp;#39;, os.arch: &amp;#39;x86_64&amp;#39;, os.version: &amp;#39;10.14.2&amp;#39;, java.version: &amp;#39;10.0.1&amp;#39;
Driver info: io.appium.java_client.android.AndroidDriver
Capabilities [{appPackage=org.lds.ldssa.alpha, statBarHeight=96, viewportRect={top=96, left=0, width=1440, height=2464}, deviceName=05157df5a1394b1c, platform=LINUX, deviceUDID=05157df5a1394b1c, desired={app=/Users/dexterjohn/Documents/GitHub/GospelLibraryAppiumTestsAndroid/projects/Gospel-Library-Appium-Tests/../../APK/gospel-library-alpha.apk, chromedriverChromeMappingFile=/Users/dexterjohn/Documents/GitHub/GospelLibraryAppiumTestsAndroid/projects/Gospel-Library-Appium-Tests/../../ChromeDriver/chromeDriverMappings.json, automationName=UiAutomator2, platformName=Android, deviceName=AndroidTestDevice, chromedriverExecutableDir=/Users/dexterjohn/Documents/GitHub/GospelLibraryAppiumTestsAndroid/projects/Gospel-Library-Appium-Tests/../../ChromeDriver}, platformVersion=7.0, webStorageEnabled=false, automationName=UiAutomator2, takesScreenshot=true, javascriptEnabled=true, platformName=Android, deviceManufacturer=samsung, deviceApiLevel=24, chromedriverExecutableDir=/Users/dexterjohn/Documents/GitHub/GospelLibraryAppiumTestsAndroid/projects/Gospel-Library-Appium-Tests/../../ChromeDriver, app=/Users/dexterjohn/Documents/GitHub/GospelLibraryAppiumTestsAndroid/projects/Gospel-Library-Appium-Tests/../../APK/gospel-library-alpha.apk, deviceScreenSize=1440x2560, networkConnectionEnabled=true, warnings={}, databaseEnabled=false, chromedriverChromeMappingFile=/Users/dexterjohn/Documents/GitHub/GospelLibraryAppiumTestsAndroid/projects/Gospel-Library-Appium-Tests/../../ChromeDriver/chromeDriverMappings.json, pixelRatio=4, locationContextEnabled=false, deviceScreenDensity=640, deviceModel=SAMSUNG-SM-G925A}]
Session ID: 3cf54aad-5852-43df-a558-1d937f4dde25
	at java.base/jdk.internal.reflect.NativeConstructorAccessorImpl.newInstance0(Native Method)
	at java.base/jdk.internal.reflect.NativeConstructorAccessorImpl.newInstance(NativeConstructorAccessorImpl.java:62)
	at java.base/jdk.internal.reflect.DelegatingConstructorAccessorImpl.newInstance(DelegatingConstructorAccessorImpl.java:45)
	at java.base/java.lang.reflect.Constructor.newInstance(Constructor.java:488)
	at org.openqa.selenium.remote.ErrorHandler.createThrowable(ErrorHandler.java:204)
	at org.openqa.selenium.remote.ErrorHandler.throwIfResponseFailed(ErrorHandler.java:156)
	at org.openqa.selenium.remote.RemoteWebDriver.execute(RemoteWebDriver.java:599)
	at io.appium.java_client.DefaultGenericMobileDriver.execute(DefaultGenericMobileDriver.java:42)
	at io.appium.java_client.AppiumDriver.execute(AppiumDriver.java:1)
	at io.appium.java_client.android.AndroidDriver.execute(AndroidDriver.java:1)
	at org.openqa.selenium.remote.RemoteWebDriver.findElement(RemoteWebDriver.java:352)
	at org.openqa.selenium.remote.RemoteWebDriver.findElementById(RemoteWebDriver.java:393)
	at io.appium.java_client.DefaultGenericMobileDriver.findElementById(DefaultGenericMobileDriver.java:62)
	at io.appium.java_client.AppiumDriver.findElementById(AppiumDriver.java:1)
	at io.appium.java_client.android.AndroidDriver.findElementById(AndroidDriver.java:1)
	at org.openqa.selenium.By$ById.findElement(By.java:214)
	at org.openqa.selenium.remote.RemoteWebDriver.findElement(RemoteWebDriver.java:344)
	at io.appium.java_client.DefaultGenericMobileDriver.findElement(DefaultGenericMobileDriver.java:52)
	at io.appium.java_client.AppiumDriver.findElement(AppiumDriver.java:1)
	at io.appium.java_client.android.AndroidDriver.findElement(AndroidDriver.java:1)
	at UI.GospelLibrary.skipTips(GospelLibrary.java:2677)
	at UI.GospelLibrary.skipLogin(GospelLibrary.java:2707)
	at UI.GospelLibrary.settingsScreenDownloadedMediaGeneralConferenceDownloaded_CancelAllWithOneDownload(GospelLibrary.java:4314)
	at java.base/jdk.internal.reflect.NativeMethodAccessorImpl.invoke0(Native Method)
	at java.base/jdk.internal.reflect.NativeMethodAccessorImpl.invoke(NativeMethodAccessorImpl.java:62)
	at java.base/jdk.internal.reflect.DelegatingMethodAccessorImpl.invoke(DelegatingMethodAccessorImpl.java:43)
	at java.base/java.lang.reflect.Method.invoke(Method.java:564)
	at org.junit.runners.model.FrameworkMethod$1.runReflectiveCall(FrameworkMethod.java:50)
	at org.junit.internal.runners.model.ReflectiveCallable.run(ReflectiveCallable.java:12)
	at org.junit.runners.model.FrameworkMethod.invokeExplosively(FrameworkMethod.java:47)
	at org.junit.internal.runners.statements.InvokeMethod.evaluate(InvokeMethod.java:17)
	at org.junit.internal.runners.statements.RunBefores.evaluate(RunBefores.java:26)
	at org.junit.internal.runners.statements.RunAfters.evaluate(RunAfters.java:27)
	at org.junit.runners.ParentRunner.runLeaf(ParentRunner.java:325)
	at org.junit.runners.BlockJUnit4ClassRunner.runChild(BlockJUnit4ClassRunner.java:78)
	at org.junit.runners.BlockJUnit4ClassRunner.runChild(BlockJUnit4ClassRunner.java:57)
	at org.junit.runners.ParentRunner$3.run(ParentRunner.java:290)
	at org.junit.runners.ParentRunner$1.schedule(ParentRunner.java:71)
	at org.junit.runners.ParentRunner.runChildren(ParentRunner.java:288)
	at org.junit.runners.ParentRunner.access$000(ParentRunner.java:58)
	at org.junit.runners.ParentRunner$2.evaluate(ParentRunner.java:268)
	at org.junit.runners.ParentRunner.run(ParentRunner.java:363)
	at org.junit.runners.Suite.runChild(Suite.java:128)
	at org.junit.runners.Suite.runChild(Suite.java:27)
	at org.junit.runners.ParentRunner$3.run(ParentRunner.java:290)
	at org.junit.runners.ParentRunner$1.schedule(ParentRunner.java:71)
	at org.junit.runners.ParentRunner.runChildren(ParentRunner.java:288)
	at org.junit.runners.ParentRunner.access$000(ParentRunner.java:58)
	at org.junit.runners.ParentRunner$2.evaluate(ParentRunner.java:268)
	at org.junit.runners.ParentRunner.run(ParentRunner.java:363)
	at org.junit.runner.JUnitCore.run(JUnitCore.java:137)
	at com.intellij.junit4.JUnit4IdeaTestRunner.startRunnerWithArgs(JUnit4IdeaTestRunner.java:68)
	at com.intellij.rt.execution.junit.IdeaTestRunner$Repeater.startRunnerWithArgs(IdeaTestRunner.java:47)
	at com.intellij.rt.execution.junit.JUnitStarter.prepareStreamsAndStart(JUnitStarter.java:242)
	at com.intellij.rt.execution.junit.JUnitStarter.main(JUnitStarter.java:70)
</output>
        </test>
        <test duration="24855" locationUrl="java:test://UI.GospelLibrary.settingsScreenDownloadedMediaGeneralConferenceDownloaded_AccessedThroughMoreOptionsMenu" name="GospelLibrary.settingsScreenDownloadedMediaGeneralConferenceDownloaded_AccessedThroughMoreOptionsMenu" status="error">
            <output type="stdout">Splash Screen Wait Start…
Waited for 800 milliseconds
On Splash Screen… Waiting 800 milliseconds
Continuing Test…
Skipping Tips
</output>
            <output type="stderr">org.openqa.selenium.NoSuchElementException: An element could not be located on the page using the given search parameters. (WARNING: The server did not provide any stacktrace information)
Command duration or timeout: 63 milliseconds
For documentation on this error, please visit: http://seleniumhq.org/exceptions/no_such_element.html
Build info: version: &amp;#39;unknown&amp;#39;, revision: &amp;#39;unknown&amp;#39;, time: &amp;#39;unknown&amp;#39;
System info: host: &amp;#39;Dexters-MacBook-Pro.local&amp;#39;, ip: &amp;#39;10.109.135.39&amp;#39;, os.name: &amp;#39;Mac OS X&amp;#39;, os.arch: &amp;#39;x86_64&amp;#39;, os.version: &amp;#39;10.14.2&amp;#39;, java.version: &amp;#39;10.0.1&amp;#39;
Driver info: io.appium.java_client.android.AndroidDriver
Capabilities [{appPackage=org.lds.ldssa.alpha, statBarHeight=96, viewportRect={top=96, left=0, width=1440, height=2464}, deviceName=05157df5a1394b1c, platform=LINUX, deviceUDID=05157df5a1394b1c, desired={app=/Users/dexterjohn/Documents/GitHub/GospelLibraryAppiumTestsAndroid/projects/Gospel-Library-Appium-Tests/../../APK/gospel-library-alpha.apk, chromedriverChromeMappingFile=/Users/dexterjohn/Documents/GitHub/GospelLibraryAppiumTestsAndroid/projects/Gospel-Library-Appium-Tests/../../ChromeDriver/chromeDriverMappings.json, automationName=UiAutomator2, platformName=Android, deviceName=AndroidTestDevice, chromedriverExecutableDir=/Users/dexterjohn/Documents/GitHub/GospelLibraryAppiumTestsAndroid/projects/Gospel-Library-Appium-Tests/../../ChromeDriver}, platformVersion=7.0, webStorageEnabled=false, automationName=UiAutomator2, takesScreenshot=true, javascriptEnabled=true, platformName=Android, deviceManufacturer=samsung, deviceApiLevel=24, chromedriverExecutableDir=/Users/dexterjohn/Documents/GitHub/GospelLibraryAppiumTestsAndroid/projects/Gospel-Library-Appium-Tests/../../ChromeDriver, app=/Users/dexterjohn/Documents/GitHub/GospelLibraryAppiumTestsAndroid/projects/Gospel-Library-Appium-Tests/../../APK/gospel-library-alpha.apk, deviceScreenSize=1440x2560, networkConnectionEnabled=true, warnings={}, databaseEnabled=false, chromedriverChromeMappingFile=/Users/dexterjohn/Documents/GitHub/GospelLibraryAppiumTestsAndroid/projects/Gospel-Library-Appium-Tests/../../ChromeDriver/chromeDriverMappings.json, pixelRatio=4, locationContextEnabled=false, deviceScreenDensity=640, deviceModel=SAMSUNG-SM-G925A}]
Session ID: 6cf0b2db-ad64-4607-8243-be6802f830e8
	at java.base/jdk.internal.reflect.NativeConstructorAccessorImpl.newInstance0(Native Method)
	at java.base/jdk.internal.reflect.NativeConstructorAccessorImpl.newInstance(NativeConstructorAccessorImpl.java:62)
	at java.base/jdk.internal.reflect.DelegatingConstructorAccessorImpl.newInstance(DelegatingConstructorAccessorImpl.java:45)
	at java.base/java.lang.reflect.Constructor.newInstance(Constructor.java:488)
	at org.openqa.selenium.remote.ErrorHandler.createThrowable(ErrorHandler.java:204)
	at org.openqa.selenium.remote.ErrorHandler.throwIfResponseFailed(ErrorHandler.java:156)
	at org.openqa.selenium.remote.RemoteWebDriver.execute(RemoteWebDriver.java:599)
	at io.appium.java_client.DefaultGenericMobileDriver.execute(DefaultGenericMobileDriver.java:42)
	at io.appium.java_client.AppiumDriver.execute(AppiumDriver.java:1)
	at io.appium.java_client.android.AndroidDriver.execute(AndroidDriver.java:1)
	at org.openqa.selenium.remote.RemoteWebDriver.findElement(RemoteWebDriver.java:352)
	at org.openqa.selenium.remote.RemoteWebDriver.findElementById(RemoteWebDriver.java:393)
	at io.appium.java_client.DefaultGenericMobileDriver.findElementById(DefaultGenericMobileDriver.java:62)
	at io.appium.java_client.AppiumDriver.findElementById(AppiumDriver.java:1)
	at io.appium.java_client.android.AndroidDriver.findElementById(AndroidDriver.java:1)
	at org.openqa.selenium.By$ById.findElement(By.java:214)
	at org.openqa.selenium.remote.RemoteWebDriver.findElement(RemoteWebDriver.java:344)
	at io.appium.java_client.DefaultGenericMobileDriver.findElement(DefaultGenericMobileDriver.java:52)
	at io.appium.java_client.AppiumDriver.findElement(AppiumDriver.java:1)
	at io.appium.java_client.android.AndroidDriver.findElement(AndroidDriver.java:1)
	at UI.GospelLibrary.skipTips(GospelLibrary.java:2677)
	at UI.GospelLibrary.skipLogin(GospelLibrary.java:2707)
	at UI.GospelLibrary.settingsScreenDownloadedMediaGeneralConferenceDownloaded_AccessedThroughMoreOptionsMenu(GospelLibrary.java:4173)
	at java.base/jdk.internal.reflect.NativeMethodAccessorImpl.invoke0(Native Method)
	at java.base/jdk.internal.reflect.NativeMethodAccessorImpl.invoke(NativeMethodAccessorImpl.java:62)
	at java.base/jdk.internal.reflect.DelegatingMethodAccessorImpl.invoke(DelegatingMethodAccessorImpl.java:43)
	at java.base/java.lang.reflect.Method.invoke(Method.java:564)
	at org.junit.runners.model.FrameworkMethod$1.runReflectiveCall(FrameworkMethod.java:50)
	at org.junit.internal.runners.model.ReflectiveCallable.run(ReflectiveCallable.java:12)
	at org.junit.runners.model.FrameworkMethod.invokeExplosively(FrameworkMethod.java:47)
	at org.junit.internal.runners.statements.InvokeMethod.evaluate(InvokeMethod.java:17)
	at org.junit.internal.runners.statements.RunBefores.evaluate(RunBefores.java:26)
	at org.junit.internal.runners.statements.RunAfters.evaluate(RunAfters.java:27)
	at org.junit.runners.ParentRunner.runLeaf(ParentRunner.java:325)
	at org.junit.runners.BlockJUnit4ClassRunner.runChild(BlockJUnit4ClassRunner.java:78)
	at org.junit.runners.BlockJUnit4ClassRunner.runChild(BlockJUnit4ClassRunner.java:57)
	at org.junit.runners.ParentRunner$3.run(ParentRunner.java:290)
	at org.junit.runners.ParentRunner$1.schedule(ParentRunner.java:71)
	at org.junit.runners.ParentRunner.runChildren(ParentRunner.java:288)
	at org.junit.runners.ParentRunner.access$000(ParentRunner.java:58)
	at org.junit.runners.ParentRunner$2.evaluate(ParentRunner.java:268)
	at org.junit.runners.ParentRunner.run(ParentRunner.java:363)
	at org.junit.runners.Suite.runChild(Suite.java:128)
	at org.junit.runners.Suite.runChild(Suite.java:27)
	at org.junit.runners.ParentRunner$3.run(ParentRunner.java:290)
	at org.junit.runners.ParentRunner$1.schedule(ParentRunner.java:71)
	at org.junit.runners.ParentRunner.runChildren(ParentRunner.java:288)
	at org.junit.runners.ParentRunner.access$000(ParentRunner.java:58)
	at org.junit.runners.ParentRunner$2.evaluate(ParentRunner.java:268)
	at org.junit.runners.ParentRunner.run(ParentRunner.java:363)
	at org.junit.runner.JUnitCore.run(JUnitCore.java:137)
	at com.intellij.junit4.JUnit4IdeaTestRunner.startRunnerWithArgs(JUnit4IdeaTestRunner.java:68)
	at com.intellij.rt.execution.junit.IdeaTestRunner$Repeater.startRunnerWithArgs(IdeaTestRunner.java:47)
	at com.intellij.rt.execution.junit.JUnitStarter.prepareStreamsAndStart(JUnitStarter.java:242)
	at com.intellij.rt.execution.junit.JUnitStarter.main(JUnitStarter.java:70)
</output>
        </test>
        <test duration="51035" locationUrl="java:test://UI.GospelLibrary.generalConferenceListenToAudioSessionAutoProgress" name="GospelLibrary.generalConferenceListenToAudioSessionAutoProgress" status="failed">
            <output type="stdout">Splash Screen Wait Start…
Waited for 800 milliseconds
On Splash Screen… Waiting 800 milliseconds
On Splash Screen… Waiting 800 milliseconds
Continuing Test…
Skipping Tips
Skipping Login Screen
assert element is present. Expected: true [] Actual: true Element: [[[AndroidDriver:  on LINUX (43846add-025a-4a94-9db8-d15c0edeaeff)] -&amp;gt; xpath: //android.widget.TextView[@text=&amp;#39;General Conference&amp;#39;]]]
Clicking: &amp;#39;General Conference&amp;#39; using text by xPath with TextView
assert element is present. Expected: true [] Actual: true Element: [[[AndroidDriver:  on LINUX (43846add-025a-4a94-9db8-d15c0edeaeff)] -&amp;gt; xpath: //android.widget.TextView[@text=&amp;#39;October 2017&amp;#39;]]]
Clicking: &amp;#39;October 2017&amp;#39; using text by xPath with TextView
Clicking: &amp;#39;October 2017&amp;#39; using text by xPath with TextView
assert element is present. Expected: true [] Actual: true Element: [[[AndroidDriver:  on LINUX (43846add-025a-4a94-9db8-d15c0edeaeff)] -&amp;gt; xpath: //android.widget.TextView[@text=&amp;#39;General Women’s Session&amp;#39;]]]
Clicking: &amp;#39;General Women’s Session&amp;#39; using text by xPath with TextView
assert element is present. Expected: true [] Actual: true Element: [[[AndroidDriver:  on LINUX (43846add-025a-4a94-9db8-d15c0edeaeff)] -&amp;gt; accessibility id: Navigate up]]
assert element is present. Expected: true [] Actual: true Element: [[[AndroidDriver:  on LINUX (43846add-025a-4a94-9db8-d15c0edeaeff)] -&amp;gt; id: org.lds.ldssa.alpha:id/mainToolbarTextLayout]]
assert element is present. Expected: true [] Actual: true Element: [[[AndroidDriver:  on LINUX (43846add-025a-4a94-9db8-d15c0edeaeff)] -&amp;gt; id: org.lds.ldssa.alpha:id/mainToolbarTitleTextView]]
Validating text Expected: &amp;#39;General Women’s Session&amp;#39; Actual: &amp;#39;General Women’s Session&amp;#39;
assert element is present. Expected: true [] Actual: true Element: [[[AndroidDriver:  on LINUX (43846add-025a-4a94-9db8-d15c0edeaeff)] -&amp;gt; id: org.lds.ldssa.alpha:id/mainToolbarSubTitleTextView]]
Validating text Expected: &amp;#39;October 2017&amp;#39; Actual: &amp;#39;October 2017&amp;#39;
assert element is present. Expected: true [] Actual: true Element: [[[AndroidDriver:  on LINUX (43846add-025a-4a94-9db8-d15c0edeaeff)] -&amp;gt; id: org.lds.ldssa.alpha:id/dropArrowImageView]]
assert element is present. Expected: true [] Actual: true Element: [[[AndroidDriver:  on LINUX (43846add-025a-4a94-9db8-d15c0edeaeff)] -&amp;gt; accessibility id: Search]]
assert element is present. Expected: true [] Actual: true Element: [[[AndroidDriver:  on LINUX (43846add-025a-4a94-9db8-d15c0edeaeff)] -&amp;gt; accessibility id: Bookmarks]]
assert element is present. Expected: true [] Actual: true Element: [[[AndroidDriver:  on LINUX (43846add-025a-4a94-9db8-d15c0edeaeff)] -&amp;gt; accessibility id: More options]]
Xpath of current item is: //*[@text = &amp;quot;General Women’s Session&amp;quot;]/android.view.View/android.view.View/android.view.View/android.widget.Image[1]
assert element is present. Expected: true [] Actual: true Element: [[[AndroidDriver:  on LINUX (43846add-025a-4a94-9db8-d15c0edeaeff)] -&amp;gt; xpath: //*[@text = &amp;quot;General Women’s Session&amp;quot;]/android.view.View/android.view.View/android.view.View/android.widget.Image[1]]]
Xpath of current item is: //*[@text = &amp;quot;General Women’s Session&amp;quot;]/android.view.View/android.view.View/android.view.View/android.widget.Image[2]
assert element is present. Expected: true [] Actual: true Element: [[[AndroidDriver:  on LINUX (43846add-025a-4a94-9db8-d15c0edeaeff)] -&amp;gt; xpath: //*[@text = &amp;quot;General Women’s Session&amp;quot;]/android.view.View/android.view.View/android.view.View/android.widget.Image[2]]]
assert element is present. Expected: true [] Actual: true Element: [[[AndroidDriver:  on LINUX (43846add-025a-4a94-9db8-d15c0edeaeff)] -&amp;gt; id: org.lds.ldssa.alpha:id/mediaFab]]
Clicking: &amp;#39;org.lds.ldssa.alpha:id/mediaFab&amp;#39; by ID
assert element is present. Expected: true [] Actual: false Element: []
Found 0. List of Elements Found: []
</output>
            <output type="stderr">java.lang.AssertionError
	at UI.GospelLibrary.assertElementExistsBy(GospelLibrary.java:1323)
	at UI.GospelLibrary.assertAudioPlayerUI(GospelLibrary.java:632)
	at UI.GospelLibrary.generalConferenceListenToAudioSessionAutoProgress(GospelLibrary.java:7079)
	at java.base/jdk.internal.reflect.NativeMethodAccessorImpl.invoke0(Native Method)
	at java.base/jdk.internal.reflect.NativeMethodAccessorImpl.invoke(NativeMethodAccessorImpl.java:62)
	at java.base/jdk.internal.reflect.DelegatingMethodAccessorImpl.invoke(DelegatingMethodAccessorImpl.java:43)
	at java.base/java.lang.reflect.Method.invoke(Method.java:564)
	at org.junit.runners.model.FrameworkMethod$1.runReflectiveCall(FrameworkMethod.java:50)
	at org.junit.internal.runners.model.ReflectiveCallable.run(ReflectiveCallable.java:12)
	at org.junit.runners.model.FrameworkMethod.invokeExplosively(FrameworkMethod.java:47)
	at org.junit.internal.runners.statements.InvokeMethod.evaluate(InvokeMethod.java:17)
	at org.junit.internal.runners.statements.RunBefores.evaluate(RunBefores.java:26)
	at org.junit.internal.runners.statements.RunAfters.evaluate(RunAfters.java:27)
	at org.junit.runners.ParentRunner.runLeaf(ParentRunner.java:325)
	at org.junit.runners.BlockJUnit4ClassRunner.runChild(BlockJUnit4ClassRunner.java:78)
	at org.junit.runners.BlockJUnit4ClassRunner.runChild(BlockJUnit4ClassRunner.java:57)
	at org.junit.runners.ParentRunner$3.run(ParentRunner.java:290)
	at org.junit.runners.ParentRunner$1.schedule(ParentRunner.java:71)
	at org.junit.runners.ParentRunner.runChildren(ParentRunner.java:288)
	at org.junit.runners.ParentRunner.access$000(ParentRunner.java:58)
	at org.junit.runners.ParentRunner$2.evaluate(ParentRunner.java:268)
	at org.junit.runners.ParentRunner.run(ParentRunner.java:363)
	at org.junit.runners.Suite.runChild(Suite.java:128)
	at org.junit.runners.Suite.runChild(Suite.java:27)
	at org.junit.runners.ParentRunner$3.run(ParentRunner.java:290)
	at org.junit.runners.ParentRunner$1.schedule(ParentRunner.java:71)
	at org.junit.runners.ParentRunner.runChildren(ParentRunner.java:288)
	at org.junit.runners.ParentRunner.access$000(ParentRunner.java:58)
	at org.junit.runners.ParentRunner$2.evaluate(ParentRunner.java:268)
	at org.junit.runners.ParentRunner.run(ParentRunner.java:363)
	at org.junit.runner.JUnitCore.run(JUnitCore.java:137)
	at com.intellij.junit4.JUnit4IdeaTestRunner.startRunnerWithArgs(JUnit4IdeaTestRunner.java:68)
	at com.intellij.rt.execution.junit.IdeaTestRunner$Repeater.startRunnerWithArgs(IdeaTestRunner.java:47)
	at com.intellij.rt.execution.junit.JUnitStarter.prepareStreamsAndStart(JUnitStarter.java:242)
	at com.intellij.rt.execution.junit.JUnitStarter.main(JUnitStarter.java:70)
</output>
        </test>
        <test locationUrl="java:test://UI.GospelLibrary.AnnotationMenuOpenTagInSidebarGoToTag" name="GospelLibrary.AnnotationMenuOpenTagInSidebarGoToTag" status="skipped">
            <output type="stdout">Process finished with exit code 130 (interrupted by signal 2: SIGINT)
</output>
        </test>
        <test locationUrl="java:test://UI.GospelLibrary.settingsScreenShowObsoleteContent" name="GospelLibrary.settingsScreenShowObsoleteContent" status="skipped"/>
        <test locationUrl="java:test://UI.GospelLibrary.SendFeedbackScreenAutofillFields" name="GospelLibrary.SendFeedbackScreenAutofillFields" status="skipped"/>
        <test locationUrl="java:test://UI.GospelLibrary.AnnotationChooseBetweenOverlappingHighlightsOfDifferentTypeNoteAndMark" name="GospelLibrary.AnnotationChooseBetweenOverlappingHighlightsOfDifferentTypeNoteAndMark" status="skipped"/>
        <test locationUrl="java:test://UI.GospelLibrary.AnnotationMenuTapSearch" name="GospelLibrary.AnnotationMenuTapSearch" status="skipped"/>
        <test locationUrl="java:test://UI.GospelLibrary.AnnotationChooseBetweenOverlappingHighlightsOfDifferentTypeLinkAndMark" name="GospelLibrary.AnnotationChooseBetweenOverlappingHighlightsOfDifferentTypeLinkAndMark" status="skipped"/>
        <test locationUrl="java:test://UI.GospelLibrary.settingsScreenDownloadedMediaLandingPage_Empty" name="GospelLibrary.settingsScreenDownloadedMediaLandingPage_Empty" status="skipped"/>
        <test locationUrl="java:test://UI.GospelLibrary.AnnotationChooseBetweenOverlappingHighlights" name="GospelLibrary.AnnotationChooseBetweenOverlappingHighlights" status="skipped"/>
        <test locationUrl="java:test://UI.GospelLibrary.BookmarksLandingPageFromLibrary_NotSignedIn" name="GospelLibrary.BookmarksLandingPageFromLibrary_NotSignedIn" status="skipped"/>
        <test locationUrl="java:test://UI.GospelLibrary.AnnotationMenuCreateNoteAddtoNotebook" name="GospelLibrary.AnnotationMenuCreateNoteAddtoNotebook" status="skipped"/>
        <test locationUrl="java:test://UI.GospelLibrary.settingsScreenListModeLibraryContentScreenCategories" name="GospelLibrary.settingsScreenListModeLibraryContentScreenCategories" status="skipped"/>
    </suite>
</testrun>
