<?xml version="1.0" encoding="UTF-8"?><testrun duration="427708" footerText="Generated by IntelliJ IDEA on 1/11/19 10:14 AM" name="GospelLibrary">
    <count name="total" value="14"/>
    <count name="failed" value="14"/>
    <count name="ignored" value="0"/>
    <config nameIsGenerated="true" configId="JUnit" name="GospelLibrary">
        <module name="Gospel-Library-Appium-Tests"/>
        <extension name="coverage">
            <pattern>
                <option name="PATTERN" value="UI.*"/>
                <option name="ENABLED" value="true"/>
            </pattern>
        </extension>
        <option name="ALTERNATIVE_JRE_PATH_ENABLED" value="false"/>
        <option name="ALTERNATIVE_JRE_PATH"/>
        <option name="PACKAGE_NAME" value=""/>
        <option name="MAIN_CLASS_NAME" value="UI.GospelLibrary"/>
        <option name="METHOD_NAME"/>
        <option name="TEST_OBJECT" value="class"/>
        <option name="VM_PARAMETERS" value="-ea"/>
        <option name="PARAMETERS"/>
        <option name="WORKING_DIRECTORY" value="$MODULE_DIR$"/>
        <option name="PASS_PARENT_ENVS" value="true"/>
        <option name="TEST_SEARCH_SCOPE">
            <value defaultName="singleModule"/>
        </option>
        <patterns/>
    </config>
    <root name="Tests" location="java:suite://Tests">
        <output type="stdout">/Library/Java/JavaVirtualMachines/jdk-10.0.1.jdk/Contents/Home/bin/java -ea -Didea.test.cyclic.buffer.size=1048576 &amp;quot;-javaagent:/Applications/IntelliJ IDEA CE.app/Contents/lib/idea_rt.jar=58461:/Applications/IntelliJ IDEA CE.app/Contents/bin&amp;quot; -Dfile.encoding=UTF-8 -classpath &amp;quot;/Applications/IntelliJ IDEA CE.app/Contents/lib/idea_rt.jar:/Applications/IntelliJ IDEA CE.app/Contents/plugins/junit/lib/junit-rt.jar:/Applications/IntelliJ IDEA CE.app/Contents/plugins/junit/lib/junit5-rt.jar:/Users/dexterjohn/Documents/GitHub/GospelLibraryAppiumTestsAndroid/projects/Gospel-Library-Appium-Tests/lib/junit-jupiter-api-5.0.0.jar:/Users/dexterjohn/Documents/GitHub/GospelLibraryAppiumTestsAndroid/projects/Gospel-Library-Appium-Tests/lib/opentest4j-1.0.0.jar:/Users/dexterjohn/Documents/GitHub/GospelLibraryAppiumTestsAndroid/out/production/Gospel-Library-Appium-Tests:/Users/dexterjohn/Documents/GitHub/GospelLibraryAppiumTestsAndroid/ExternalJars/java-client-3.2.0.jar:/Users/dexterjohn/Documents/GitHub/GospelLibraryAppiumTestsAndroid/ExternalJars/commons-lang3-3.7.jar:/Users/dexterjohn/Documents/GitHub/GospelLibraryAppiumTestsAndroid/ExternalJars/javax.jar:/Users/dexterjohn/Documents/GitHub/GospelLibraryAppiumTestsAndroid/ExternalJars/javax.mail.jar:/Users/dexterjohn/Documents/GitHub/GospelLibraryAppiumTestsAndroid/ExternalJars/jsoup-1.8.3.jar:/Users/dexterjohn/Documents/GitHub/GospelLibraryAppiumTestsAndroid/ExternalJars/selendroid-client-0.10.0.jar:/Users/dexterjohn/Documents/GitHub/GospelLibraryAppiumTestsAndroid/ExternalJars/selendroid-standalone-0.12.0-with-dependencies.jar:/Users/dexterjohn/Documents/GitHub/GospelLibraryAppiumTestsAndroid/ExternalJars/java-client-6.0.0-BETA5.jar:/Users/dexterjohn/Documents/GitHub/GospelLibraryAppiumTestsAndroid/ExternalJars/selenium-java-3.12.0/client-combined-3.12.0.jar:/Users/dexterjohn/Documents/GitHub/GospelLibraryAppiumTestsAndroid/ExternalJars/selenium-java-3.12.0/client-combined-3.12.0-sources.jar:/Users/dexterjohn/Documents/GitHub/GospelLibraryAppiumTestsAndroid/ExternalJars/jar_files/selendroid-standalone-0.17.0.jar:/Users/dexterjohn/Documents/GitHub/GospelLibraryAppiumTestsAndroid/ExternalJars/junit-4.12.jar:/Users/dexterjohn/Documents/GitHub/GospelLibraryAppiumTestsAndroid/ExternalJars/hamcrest-core-1.3.jar&amp;quot; com.intellij.rt.execution.junit.JUnitStarter -ideVersion5 -junit4 @w@/private/var/folders/tp/t0jv0htx55x1_gsjml936bgm0000gp/T/idea_working_dirs_junit.tmp @/private/var/folders/tp/t0jv0htx55x1_gsjml936bgm0000gp/T/idea_junit.tmp
</output>
    </root>
    <suite duration="427708" locationUrl="java:suite://UI.GospelLibrary" name="GospelLibrary" status="failed">
        <test duration="74184" locationUrl="java:test://UI.GospelLibrary.settingsScreenDownloadedMediaGeneralConferenceDownloaded_CancelAllWithOneDownload" name="GospelLibrary.settingsScreenDownloadedMediaGeneralConferenceDownloaded_CancelAllWithOneDownload" status="failed">
            <output type="stderr">org.junit.ComparisonFailure: 
Downloadingâ€¦
 
	at org.junit.Assert.assertEquals(Assert.java:115)
	at org.junit.Assert.assertEquals(Assert.java:144)
	at UI.GospelLibrary.verifyText(GospelLibrary.java:1311)
	at UI.GospelLibrary.settingsScreenDownloadedMediaGeneralConferenceDownloaded_CancelAllWithOneDownload(GospelLibrary.java:4347)
	at java.base/jdk.internal.reflect.NativeMethodAccessorImpl.invoke0(Native Method)
	at java.base/jdk.internal.reflect.NativeMethodAccessorImpl.invoke(NativeMethodAccessorImpl.java:62)
	at java.base/jdk.internal.reflect.DelegatingMethodAccessorImpl.invoke(DelegatingMethodAccessorImpl.java:43)
	at java.base/java.lang.reflect.Method.invoke(Method.java:564)
	at org.junit.runners.model.FrameworkMethod$1.runReflectiveCall(FrameworkMethod.java:50)
	at org.junit.internal.runners.model.ReflectiveCallable.run(ReflectiveCallable.java:12)
	at org.junit.runners.model.FrameworkMethod.invokeExplosively(FrameworkMethod.java:47)
	at org.junit.internal.runners.statements.InvokeMethod.evaluate(InvokeMethod.java:17)
	at org.junit.internal.runners.statements.RunBefores.evaluate(RunBefores.java:26)
	at org.junit.internal.runners.statements.RunAfters.evaluate(RunAfters.java:27)
	at org.junit.runners.ParentRunner.runLeaf(ParentRunner.java:325)
	at org.junit.runners.BlockJUnit4ClassRunner.runChild(BlockJUnit4ClassRunner.java:78)
	at org.junit.runners.BlockJUnit4ClassRunner.runChild(BlockJUnit4ClassRunner.java:57)
	at org.junit.runners.ParentRunner$3.run(ParentRunner.java:290)
	at org.junit.runners.ParentRunner$1.schedule(ParentRunner.java:71)
	at org.junit.runners.ParentRunner.runChildren(ParentRunner.java:288)
	at org.junit.runners.ParentRunner.access$000(ParentRunner.java:58)
	at org.junit.runners.ParentRunner$2.evaluate(ParentRunner.java:268)
	at org.junit.runners.ParentRunner.run(ParentRunner.java:363)
	at org.junit.runners.Suite.runChild(Suite.java:128)
	at org.junit.runners.Suite.runChild(Suite.java:27)
	at org.junit.runners.ParentRunner$3.run(ParentRunner.java:290)
	at org.junit.runners.ParentRunner$1.schedule(ParentRunner.java:71)
	at org.junit.runners.ParentRunner.runChildren(ParentRunner.java:288)
	at org.junit.runners.ParentRunner.access$000(ParentRunner.java:58)
	at org.junit.runners.ParentRunner$2.evaluate(ParentRunner.java:268)
	at org.junit.runners.ParentRunner.run(ParentRunner.java:363)
	at org.junit.runner.JUnitCore.run(JUnitCore.java:137)
	at com.intellij.junit4.JUnit4IdeaTestRunner.startRunnerWithArgs(JUnit4IdeaTestRunner.java:68)
	at com.intellij.rt.execution.junit.IdeaTestRunner$Repeater.startRunnerWithArgs(IdeaTestRunner.java:47)
	at com.intellij.rt.execution.junit.JUnitStarter.prepareStreamsAndStart(JUnitStarter.java:242)
	at com.intellij.rt.execution.junit.JUnitStarter.main(JUnitStarter.java:70)
</output>
        </test>
        <test duration="62377" locationUrl="java:test://UI.GospelLibrary.settingsScreenDownloadedMediaGeneralConferenceDownloaded_AccessedThroughMoreOptionsMenu" name="GospelLibrary.settingsScreenDownloadedMediaGeneralConferenceDownloaded_AccessedThroughMoreOptionsMenu" status="failed">
            <output type="stderr">org.junit.ComparisonFailure:  
	at org.junit.Assert.assertEquals(Assert.java:115)
	at org.junit.Assert.assertEquals(Assert.java:144)
	at UI.GospelLibrary.verifyText(GospelLibrary.java:1311)
	at UI.GospelLibrary.settingsScreenDownloadedMediaGeneralConferenceDownloaded_AccessedThroughMoreOptionsMenu(GospelLibrary.java:4179)
	at java.base/jdk.internal.reflect.NativeMethodAccessorImpl.invoke0(Native Method)
	at java.base/jdk.internal.reflect.NativeMethodAccessorImpl.invoke(NativeMethodAccessorImpl.java:62)
	at java.base/jdk.internal.reflect.DelegatingMethodAccessorImpl.invoke(DelegatingMethodAccessorImpl.java:43)
	at java.base/java.lang.reflect.Method.invoke(Method.java:564)
	at org.junit.runners.model.FrameworkMethod$1.runReflectiveCall(FrameworkMethod.java:50)
	at org.junit.internal.runners.model.ReflectiveCallable.run(ReflectiveCallable.java:12)
	at org.junit.runners.model.FrameworkMethod.invokeExplosively(FrameworkMethod.java:47)
	at org.junit.internal.runners.statements.InvokeMethod.evaluate(InvokeMethod.java:17)
	at org.junit.internal.runners.statements.RunBefores.evaluate(RunBefores.java:26)
	at org.junit.internal.runners.statements.RunAfters.evaluate(RunAfters.java:27)
	at org.junit.runners.ParentRunner.runLeaf(ParentRunner.java:325)
	at org.junit.runners.BlockJUnit4ClassRunner.runChild(BlockJUnit4ClassRunner.java:78)
	at org.junit.runners.BlockJUnit4ClassRunner.runChild(BlockJUnit4ClassRunner.java:57)
	at org.junit.runners.ParentRunner$3.run(ParentRunner.java:290)
	at org.junit.runners.ParentRunner$1.schedule(ParentRunner.java:71)
	at org.junit.runners.ParentRunner.runChildren(ParentRunner.java:288)
	at org.junit.runners.ParentRunner.access$000(ParentRunner.java:58)
	at org.junit.runners.ParentRunner$2.evaluate(ParentRunner.java:268)
	at org.junit.runners.ParentRunner.run(ParentRunner.java:363)
	at org.junit.runners.Suite.runChild(Suite.java:128)
	at org.junit.runners.Suite.runChild(Suite.java:27)
	at org.junit.runners.ParentRunner$3.run(ParentRunner.java:290)
	at org.junit.runners.ParentRunner$1.schedule(ParentRunner.java:71)
	at org.junit.runners.ParentRunner.runChildren(ParentRunner.java:288)
	at org.junit.runners.ParentRunner.access$000(ParentRunner.java:58)
	at org.junit.runners.ParentRunner$2.evaluate(ParentRunner.java:268)
	at org.junit.runners.ParentRunner.run(ParentRunner.java:363)
	at org.junit.runner.JUnitCore.run(JUnitCore.java:137)
	at com.intellij.junit4.JUnit4IdeaTestRunner.startRunnerWithArgs(JUnit4IdeaTestRunner.java:68)
	at com.intellij.rt.execution.junit.IdeaTestRunner$Repeater.startRunnerWithArgs(IdeaTestRunner.java:47)
	at com.intellij.rt.execution.junit.JUnitStarter.prepareStreamsAndStart(JUnitStarter.java:242)
	at com.intellij.rt.execution.junit.JUnitStarter.main(JUnitStarter.java:70)
</output>
        </test>
        <test duration="64546" locationUrl="java:test://UI.GospelLibrary.generalConferenceListenToAudioSessionAutoProgress" name="GospelLibrary.generalConferenceListenToAudioSessionAutoProgress" status="failed">
            <output type="stderr">java.lang.AssertionError
	at UI.GospelLibrary.assertElementExistsBy(GospelLibrary.java:1323)
	at UI.GospelLibrary.assertAudioPlayerUI(GospelLibrary.java:632)
	at UI.GospelLibrary.generalConferenceListenToAudioSessionAutoProgress(GospelLibrary.java:7079)
	at java.base/jdk.internal.reflect.NativeMethodAccessorImpl.invoke0(Native Method)
	at java.base/jdk.internal.reflect.NativeMethodAccessorImpl.invoke(NativeMethodAccessorImpl.java:62)
	at java.base/jdk.internal.reflect.DelegatingMethodAccessorImpl.invoke(DelegatingMethodAccessorImpl.java:43)
	at java.base/java.lang.reflect.Method.invoke(Method.java:564)
	at org.junit.runners.model.FrameworkMethod$1.runReflectiveCall(FrameworkMethod.java:50)
	at org.junit.internal.runners.model.ReflectiveCallable.run(ReflectiveCallable.java:12)
	at org.junit.runners.model.FrameworkMethod.invokeExplosively(FrameworkMethod.java:47)
	at org.junit.internal.runners.statements.InvokeMethod.evaluate(InvokeMethod.java:17)
	at org.junit.internal.runners.statements.RunBefores.evaluate(RunBefores.java:26)
	at org.junit.internal.runners.statements.RunAfters.evaluate(RunAfters.java:27)
	at org.junit.runners.ParentRunner.runLeaf(ParentRunner.java:325)
	at org.junit.runners.BlockJUnit4ClassRunner.runChild(BlockJUnit4ClassRunner.java:78)
	at org.junit.runners.BlockJUnit4ClassRunner.runChild(BlockJUnit4ClassRunner.java:57)
	at org.junit.runners.ParentRunner$3.run(ParentRunner.java:290)
	at org.junit.runners.ParentRunner$1.schedule(ParentRunner.java:71)
	at org.junit.runners.ParentRunner.runChildren(ParentRunner.java:288)
	at org.junit.runners.ParentRunner.access$000(ParentRunner.java:58)
	at org.junit.runners.ParentRunner$2.evaluate(ParentRunner.java:268)
	at org.junit.runners.ParentRunner.run(ParentRunner.java:363)
	at org.junit.runners.Suite.runChild(Suite.java:128)
	at org.junit.runners.Suite.runChild(Suite.java:27)
	at org.junit.runners.ParentRunner$3.run(ParentRunner.java:290)
	at org.junit.runners.ParentRunner$1.schedule(ParentRunner.java:71)
	at org.junit.runners.ParentRunner.runChildren(ParentRunner.java:288)
	at org.junit.runners.ParentRunner.access$000(ParentRunner.java:58)
	at org.junit.runners.ParentRunner$2.evaluate(ParentRunner.java:268)
	at org.junit.runners.ParentRunner.run(ParentRunner.java:363)
	at org.junit.runner.JUnitCore.run(JUnitCore.java:137)
	at com.intellij.junit4.JUnit4IdeaTestRunner.startRunnerWithArgs(JUnit4IdeaTestRunner.java:68)
	at com.intellij.rt.execution.junit.IdeaTestRunner$Repeater.startRunnerWithArgs(IdeaTestRunner.java:47)
	at com.intellij.rt.execution.junit.JUnitStarter.prepareStreamsAndStart(JUnitStarter.java:242)
	at com.intellij.rt.execution.junit.JUnitStarter.main(JUnitStarter.java:70)
</output>
        </test>
        <test duration="47451" locationUrl="java:test://UI.GospelLibrary.AnnotationMenuOpenTagInSidebarGoToTag" name="GospelLibrary.AnnotationMenuOpenTagInSidebarGoToTag" status="failed">
            <output type="stderr">java.lang.AssertionError
	at UI.GospelLibrary.assertElementExistsBy(GospelLibrary.java:1323)
	at UI.GospelLibrary.OpenScripture(GospelLibrary.java:1534)
	at UI.GospelLibrary.AnnotationMenuCreateTag(GospelLibrary.java:6403)
	at UI.GospelLibrary.AnnotationMenuOpenTagInSidebarGoToTag(GospelLibrary.java:6438)
	at java.base/jdk.internal.reflect.NativeMethodAccessorImpl.invoke0(Native Method)
	at java.base/jdk.internal.reflect.NativeMethodAccessorImpl.invoke(NativeMethodAccessorImpl.java:62)
	at java.base/jdk.internal.reflect.DelegatingMethodAccessorImpl.invoke(DelegatingMethodAccessorImpl.java:43)
	at java.base/java.lang.reflect.Method.invoke(Method.java:564)
	at org.junit.runners.model.FrameworkMethod$1.runReflectiveCall(FrameworkMethod.java:50)
	at org.junit.internal.runners.model.ReflectiveCallable.run(ReflectiveCallable.java:12)
	at org.junit.runners.model.FrameworkMethod.invokeExplosively(FrameworkMethod.java:47)
	at org.junit.internal.runners.statements.InvokeMethod.evaluate(InvokeMethod.java:17)
	at org.junit.internal.runners.statements.RunBefores.evaluate(RunBefores.java:26)
	at org.junit.internal.runners.statements.RunAfters.evaluate(RunAfters.java:27)
	at org.junit.runners.ParentRunner.runLeaf(ParentRunner.java:325)
	at org.junit.runners.BlockJUnit4ClassRunner.runChild(BlockJUnit4ClassRunner.java:78)
	at org.junit.runners.BlockJUnit4ClassRunner.runChild(BlockJUnit4ClassRunner.java:57)
	at org.junit.runners.ParentRunner$3.run(ParentRunner.java:290)
	at org.junit.runners.ParentRunner$1.schedule(ParentRunner.java:71)
	at org.junit.runners.ParentRunner.runChildren(ParentRunner.java:288)
	at org.junit.runners.ParentRunner.access$000(ParentRunner.java:58)
	at org.junit.runners.ParentRunner$2.evaluate(ParentRunner.java:268)
	at org.junit.runners.ParentRunner.run(ParentRunner.java:363)
	at org.junit.runners.Suite.runChild(Suite.java:128)
	at org.junit.runners.Suite.runChild(Suite.java:27)
	at org.junit.runners.ParentRunner$3.run(ParentRunner.java:290)
	at org.junit.runners.ParentRunner$1.schedule(ParentRunner.java:71)
	at org.junit.runners.ParentRunner.runChildren(ParentRunner.java:288)
	at org.junit.runners.ParentRunner.access$000(ParentRunner.java:58)
	at org.junit.runners.ParentRunner$2.evaluate(ParentRunner.java:268)
	at org.junit.runners.ParentRunner.run(ParentRunner.java:363)
	at org.junit.runner.JUnitCore.run(JUnitCore.java:137)
	at com.intellij.junit4.JUnit4IdeaTestRunner.startRunnerWithArgs(JUnit4IdeaTestRunner.java:68)
	at com.intellij.rt.execution.junit.IdeaTestRunner$Repeater.startRunnerWithArgs(IdeaTestRunner.java:47)
	at com.intellij.rt.execution.junit.JUnitStarter.prepareStreamsAndStart(JUnitStarter.java:242)
	at com.intellij.rt.execution.junit.JUnitStarter.main(JUnitStarter.java:70)
</output>
        </test>
        <test duration="78698" locationUrl="java:test://UI.GospelLibrary.settingsScreenShowObsoleteContent" name="GospelLibrary.settingsScreenShowObsoleteContent" status="failed">
            <output type="stderr">org.opentest4j.AssertionFailedError: The item was not found on the screen within 15 downward scrolls
	at org.junit.jupiter.api.AssertionUtils.fail(AssertionUtils.java:48)
	at org.junit.jupiter.api.AssertionUtils.fail(AssertionUtils.java:36)
	at org.junit.jupiter.api.Assertions.fail(Assertions.java:57)
	at UI.GospelLibrary.scrollDownTo(GospelLibrary.java:1212)
	at UI.GospelLibrary.settingsScreenShowObsoleteContent(GospelLibrary.java:5562)
	at java.base/jdk.internal.reflect.NativeMethodAccessorImpl.invoke0(Native Method)
	at java.base/jdk.internal.reflect.NativeMethodAccessorImpl.invoke(NativeMethodAccessorImpl.java:62)
	at java.base/jdk.internal.reflect.DelegatingMethodAccessorImpl.invoke(DelegatingMethodAccessorImpl.java:43)
	at java.base/java.lang.reflect.Method.invoke(Method.java:564)
	at org.junit.runners.model.FrameworkMethod$1.runReflectiveCall(FrameworkMethod.java:50)
	at org.junit.internal.runners.model.ReflectiveCallable.run(ReflectiveCallable.java:12)
	at org.junit.runners.model.FrameworkMethod.invokeExplosively(FrameworkMethod.java:47)
	at org.junit.internal.runners.statements.InvokeMethod.evaluate(InvokeMethod.java:17)
	at org.junit.internal.runners.statements.RunBefores.evaluate(RunBefores.java:26)
	at org.junit.internal.runners.statements.RunAfters.evaluate(RunAfters.java:27)
	at org.junit.runners.ParentRunner.runLeaf(ParentRunner.java:325)
	at org.junit.runners.BlockJUnit4ClassRunner.runChild(BlockJUnit4ClassRunner.java:78)
	at org.junit.runners.BlockJUnit4ClassRunner.runChild(BlockJUnit4ClassRunner.java:57)
	at org.junit.runners.ParentRunner$3.run(ParentRunner.java:290)
	at org.junit.runners.ParentRunner$1.schedule(ParentRunner.java:71)
	at org.junit.runners.ParentRunner.runChildren(ParentRunner.java:288)
	at org.junit.runners.ParentRunner.access$000(ParentRunner.java:58)
	at org.junit.runners.ParentRunner$2.evaluate(ParentRunner.java:268)
	at org.junit.runners.ParentRunner.run(ParentRunner.java:363)
	at org.junit.runners.Suite.runChild(Suite.java:128)
	at org.junit.runners.Suite.runChild(Suite.java:27)
	at org.junit.runners.ParentRunner$3.run(ParentRunner.java:290)
	at org.junit.runners.ParentRunner$1.schedule(ParentRunner.java:71)
	at org.junit.runners.ParentRunner.runChildren(ParentRunner.java:288)
	at org.junit.runners.ParentRunner.access$000(ParentRunner.java:58)
	at org.junit.runners.ParentRunner$2.evaluate(ParentRunner.java:268)
	at org.junit.runners.ParentRunner.run(ParentRunner.java:363)
	at org.junit.runner.JUnitCore.run(JUnitCore.java:137)
	at com.intellij.junit4.JUnit4IdeaTestRunner.startRunnerWithArgs(JUnit4IdeaTestRunner.java:68)
	at com.intellij.rt.execution.junit.IdeaTestRunner$Repeater.startRunnerWithArgs(IdeaTestRunner.java:47)
	at com.intellij.rt.execution.junit.JUnitStarter.prepareStreamsAndStart(JUnitStarter.java:242)
	at com.intellij.rt.execution.junit.JUnitStarter.main(JUnitStarter.java:70)
</output>
        </test>
        <test duration="100452" locationUrl="java:test://UI.GospelLibrary.SendFeedbackScreenAutofillFields" name="GospelLibrary.SendFeedbackScreenAutofillFields" status="failed">
            <output type="stderr">org.junit.ComparisonFailure: 
Walt Disney
Name (Optional)
 
	at org.junit.Assert.assertEquals(Assert.java:115)
	at org.junit.Assert.assertEquals(Assert.java:144)
	at UI.GospelLibrary.verifyText(GospelLibrary.java:1311)
	at UI.GospelLibrary.SendFeedbackScreenAutofillFields(GospelLibrary.java:5879)
	at java.base/jdk.internal.reflect.NativeMethodAccessorImpl.invoke0(Native Method)
	at java.base/jdk.internal.reflect.NativeMethodAccessorImpl.invoke(NativeMethodAccessorImpl.java:62)
	at java.base/jdk.internal.reflect.DelegatingMethodAccessorImpl.invoke(DelegatingMethodAccessorImpl.java:43)
	at java.base/java.lang.reflect.Method.invoke(Method.java:564)
	at org.junit.runners.model.FrameworkMethod$1.runReflectiveCall(FrameworkMethod.java:50)
	at org.junit.internal.runners.model.ReflectiveCallable.run(ReflectiveCallable.java:12)
	at org.junit.runners.model.FrameworkMethod.invokeExplosively(FrameworkMethod.java:47)
	at org.junit.internal.runners.statements.InvokeMethod.evaluate(InvokeMethod.java:17)
	at org.junit.internal.runners.statements.RunBefores.evaluate(RunBefores.java:26)
	at org.junit.internal.runners.statements.RunAfters.evaluate(RunAfters.java:27)
	at org.junit.runners.ParentRunner.runLeaf(ParentRunner.java:325)
	at org.junit.runners.BlockJUnit4ClassRunner.runChild(BlockJUnit4ClassRunner.java:78)
	at org.junit.runners.BlockJUnit4ClassRunner.runChild(BlockJUnit4ClassRunner.java:57)
	at org.junit.runners.ParentRunner$3.run(ParentRunner.java:290)
	at org.junit.runners.ParentRunner$1.schedule(ParentRunner.java:71)
	at org.junit.runners.ParentRunner.runChildren(ParentRunner.java:288)
	at org.junit.runners.ParentRunner.access$000(ParentRunner.java:58)
	at org.junit.runners.ParentRunner$2.evaluate(ParentRunner.java:268)
	at org.junit.runners.ParentRunner.run(ParentRunner.java:363)
	at org.junit.runners.Suite.runChild(Suite.java:128)
	at org.junit.runners.Suite.runChild(Suite.java:27)
	at org.junit.runners.ParentRunner$3.run(ParentRunner.java:290)
	at org.junit.runners.ParentRunner$1.schedule(ParentRunner.java:71)
	at org.junit.runners.ParentRunner.runChildren(ParentRunner.java:288)
	at org.junit.runners.ParentRunner.access$000(ParentRunner.java:58)
	at org.junit.runners.ParentRunner$2.evaluate(ParentRunner.java:268)
	at org.junit.runners.ParentRunner.run(ParentRunner.java:363)
	at org.junit.runner.JUnitCore.run(JUnitCore.java:137)
	at com.intellij.junit4.JUnit4IdeaTestRunner.startRunnerWithArgs(JUnit4IdeaTestRunner.java:68)
	at com.intellij.rt.execution.junit.IdeaTestRunner$Repeater.startRunnerWithArgs(IdeaTestRunner.java:47)
	at com.intellij.rt.execution.junit.JUnitStarter.prepareStreamsAndStart(JUnitStarter.java:242)
	at com.intellij.rt.execution.junit.JUnitStarter.main(JUnitStarter.java:70)
</output>
        </test>
        <test locationUrl="java:test://UI.GospelLibrary.AnnotationChooseBetweenOverlappingHighlightsOfDifferentTypeNoteAndMark" name="GospelLibrary.AnnotationChooseBetweenOverlappingHighlightsOfDifferentTypeNoteAndMark" status="failed">
            <output type="stderr">Process finished with exit code 130 (interrupted by signal 2: SIGINT)
        
</output>
        </test>
        <test locationUrl="java:test://UI.GospelLibrary.AnnotationMenuTapSearch" name="GospelLibrary.AnnotationMenuTapSearch" status="failed"/>
        <test locationUrl="java:test://UI.GospelLibrary.AnnotationChooseBetweenOverlappingHighlightsOfDifferentTypeLinkAndMark" name="GospelLibrary.AnnotationChooseBetweenOverlappingHighlightsOfDifferentTypeLinkAndMark" status="failed"/>
        <test locationUrl="java:test://UI.GospelLibrary.settingsScreenDownloadedMediaLandingPage_Empty" name="GospelLibrary.settingsScreenDownloadedMediaLandingPage_Empty" status="failed"/>
        <test locationUrl="java:test://UI.GospelLibrary.AnnotationChooseBetweenOverlappingHighlights" name="GospelLibrary.AnnotationChooseBetweenOverlappingHighlights" status="failed"/>
        <test locationUrl="java:test://UI.GospelLibrary.BookmarksLandingPageFromLibrary_NotSignedIn" name="GospelLibrary.BookmarksLandingPageFromLibrary_NotSignedIn" status="failed"/>
        <test locationUrl="java:test://UI.GospelLibrary.AnnotationMenuCreateNoteAddtoNotebook" name="GospelLibrary.AnnotationMenuCreateNoteAddtoNotebook" status="failed"/>
        <test locationUrl="java:test://UI.GospelLibrary.settingsScreenListModeLibraryContentScreenCategories" name="GospelLibrary.settingsScreenListModeLibraryContentScreenCategories" status="failed"/>
    </suite>
</testrun>
